Using pre-set license
Built from '2022.1/staging' branch; Version is '2022.1.16f1 (7321c9670bc2) revision 7545289'; Using compiler version '192829333'; Build Type 'Release'
OS: 'Windows 11  (10.0.22631) 64bit Enterprise' Language: 'en' Physical Memory: 32685 MB
BatchMode: 1, IsHumanControllingUs: 0, StartBugReporterOnCrash: 0, Is64bit: 1, IsPro: 1

COMMAND LINE ARGUMENTS:
E:\Applications\Game Development\unity\unity editors\2022.1.16f1\Editor\Unity.exe
-adb2
-batchMode
-noUpm
-name
AssetImportWorker0
-projectPath
E:/GithubUnity/Personal/VR Player Comfort Profile
-logFile
Logs/AssetImportWorker0.log
-srvPort
61223
Successfully changed project path to: E:/GithubUnity/Personal/VR Player Comfort Profile
E:/GithubUnity/Personal/VR Player Comfort Profile
[UnityMemory] Configuration Parameters - Can be set up in boot.config
    "memorysetup-bucket-allocator-granularity=16"
    "memorysetup-bucket-allocator-bucket-count=8"
    "memorysetup-bucket-allocator-block-size=33554432"
    "memorysetup-bucket-allocator-block-count=8"
    "memorysetup-main-allocator-block-size=16777216"
    "memorysetup-thread-allocator-block-size=16777216"
    "memorysetup-gfx-main-allocator-block-size=16777216"
    "memorysetup-gfx-thread-allocator-block-size=16777216"
    "memorysetup-cache-allocator-block-size=4194304"
    "memorysetup-typetree-allocator-block-size=2097152"
    "memorysetup-profiler-bucket-allocator-granularity=16"
    "memorysetup-profiler-bucket-allocator-bucket-count=8"
    "memorysetup-profiler-bucket-allocator-block-size=33554432"
    "memorysetup-profiler-bucket-allocator-block-count=8"
    "memorysetup-profiler-allocator-block-size=16777216"
    "memorysetup-profiler-editor-allocator-block-size=1048576"
    "memorysetup-temp-allocator-size-main=16777216"
    "memorysetup-job-temp-allocator-block-size=2097152"
    "memorysetup-job-temp-allocator-block-size-background=1048576"
    "memorysetup-job-temp-allocator-reduction-small-platforms=262144"
    "memorysetup-temp-allocator-size-background-worker=32768"
    "memorysetup-temp-allocator-size-job-worker=262144"
    "memorysetup-temp-allocator-size-preload-manager=33554432"
    "memorysetup-temp-allocator-size-nav-mesh-worker=65536"
    "memorysetup-temp-allocator-size-audio-worker=65536"
    "memorysetup-temp-allocator-size-cloud-worker=32768"
    "memorysetup-temp-allocator-size-gi-baking-worker=262144"
    "memorysetup-temp-allocator-size-gfx=262144"
Refreshing native plugins compatible for Editor in 0.31 ms, found 0 plugins.
Preloading 0 native plugins for Editor in 0.00 ms.
Initialize engine version: 2022.1.16f1 (7321c9670bc2)
[Subsystems] Discovering subsystems at path E:/Applications/Game Development/unity/unity editors/2022.1.16f1/Editor/Data/Resources/UnitySubsystems
[Subsystems] Discovering subsystems at path E:/GithubUnity/Personal/VR Player Comfort Profile/Assets
GfxDevice: creating device client; threaded=0; jobified=0
Direct3D:
    Version:  Direct3D 11.0 [level 11.1]
    Renderer: NVIDIA GeForce RTX 4070 (ID=0x2786)
    Vendor:   NVIDIA
    VRAM:     12012 MB
    Driver:   31.0.15.5244
Initialize mono
Mono path[0] = 'E:/Applications/Game Development/unity/unity editors/2022.1.16f1/Editor/Data/Managed'
Mono path[1] = 'E:/Applications/Game Development/unity/unity editors/2022.1.16f1/Editor/Data/MonoBleedingEdge/lib/mono/unityjit-win32'
Mono config path = 'E:/Applications/Game Development/unity/unity editors/2022.1.16f1/Editor/Data/MonoBleedingEdge/etc'
Using monoOptions --debugger-agent=transport=dt_socket,embedding=1,server=y,suspend=n,address=127.0.0.1:56848
Begin MonoManager ReloadAssembly
Registering precompiled unity dll's ...
Register platform support module: E:/Applications/Game Development/unity/unity editors/2022.1.16f1/Editor/Data/PlaybackEngines/WindowsStandaloneSupport/UnityEditor.WindowsStandalone.Extensions.dll
Registered in 0.001797 seconds.
Native extension for WindowsStandalone target not found
Refreshing native plugins compatible for Editor in 0.21 ms, found 0 plugins.
Preloading 0 native plugins for Editor in 0.00 ms.
Mono: successfully reloaded assembly
- Completed reload, in  0.429 seconds
Domain Reload Profiling:
	ReloadAssembly (429ms)
		BeginReloadAssembly (53ms)
			ExecutionOrderSort (0ms)
			DisableScriptedObjects (0ms)
			BackupInstance (0ms)
			ReleaseScriptingObjects (0ms)
			CreateAndSetChildDomain (1ms)
		EndReloadAssembly (307ms)
			LoadAssemblies (52ms)
			RebuildTransferFunctionScriptingTraits (0ms)
			SetupTypeCache (83ms)
				TypeCache.Initialize (83ms)
					TypeCache.ScanAssembly (82ms)
				ResolveRequiredComponents (0ms)
			ReleaseScriptCaches (0ms)
			RebuildScriptCaches (23ms)
			SetupLoadedEditorAssemblies (163ms)
				LogAssemblyErrors (0ms)
				InitializePlatformSupportModulesInManaged (6ms)
				SetLoadedEditorAssemblies (5ms)
				RefreshPlugins (0ms)
				BeforeProcessingInitializeOnLoad (1ms)
				ProcessInitializeOnLoadAttributes (115ms)
				ProcessInitializeOnLoadMethodAttributes (35ms)
				AfterProcessingInitializeOnLoad (0ms)
				EditorAssembliesLoaded (0ms)
			ExecutionOrderSort2 (0ms)
			AwakeInstancesAfterBackupRestoration (0ms)
Platform modules already initialized, skipping
Registering precompiled user dll's ...
Registered in 0.000000 seconds.
Begin MonoManager ReloadAssembly
Native extension for WindowsStandalone target not found
Refreshing native plugins compatible for Editor in 0.01 ms, found 0 plugins.
Preloading 0 native plugins for Editor in 0.00 ms.
Mono: successfully reloaded assembly
- Completed reload, in  0.455 seconds
Domain Reload Profiling:
	ReloadAssembly (456ms)
		BeginReloadAssembly (97ms)
			ExecutionOrderSort (0ms)
			DisableScriptedObjects (4ms)
			BackupInstance (0ms)
			ReleaseScriptingObjects (0ms)
			CreateAndSetChildDomain (20ms)
		EndReloadAssembly (306ms)
			LoadAssemblies (49ms)
			RebuildTransferFunctionScriptingTraits (0ms)
			SetupTypeCache (81ms)
				TypeCache.Initialize (81ms)
					TypeCache.ScanAssembly (79ms)
				ResolveRequiredComponents (0ms)
			ReleaseScriptCaches (0ms)
			RebuildScriptCaches (18ms)
			SetupLoadedEditorAssemblies (128ms)
				LogAssemblyErrors (0ms)
				InitializePlatformSupportModulesInManaged (9ms)
				SetLoadedEditorAssemblies (5ms)
				RefreshPlugins (0ms)
				BeforeProcessingInitializeOnLoad (12ms)
				ProcessInitializeOnLoadAttributes (86ms)
				ProcessInitializeOnLoadMethodAttributes (14ms)
				AfterProcessingInitializeOnLoad (2ms)
				EditorAssembliesLoaded (0ms)
			ExecutionOrderSort2 (0ms)
			AwakeInstancesAfterBackupRestoration (5ms)
Platform modules already initialized, skipping
========================================================================
Worker process is ready to serve import requests
Launched and connected shader compiler UnityShaderCompiler.exe after 0.05 seconds
Refreshing native plugins compatible for Editor in 0.01 ms, found 0 plugins.
Preloading 0 native plugins for Editor in 0.00 ms.
Unloading 9 Unused Serialized files (Serialized files now loaded: 0)
Unloading 3 unused Assets / (56.5 KB). Loaded Objects now: 481.
Memory consumption went from 36.8 MB to 36.7 MB.
Total: 2.826400 ms (FindLiveObjects: 0.039100 ms CreateObjectMapping: 0.004800 ms MarkObjects: 2.727700 ms  DeleteObjects: 0.053800 ms)

AssetImportParameters requested are different than current active one (requested -> active):
  custom:video-decoder-ogg-theora: a1e56fd34408186e4bbccfd4996cb3dc -> 
  custom:container-muxer-webm: aa71ff27fc2769a1b78a27578f13a17b -> 
  custom:container-demuxer-webm: 4f35f7cbe854078d1ac9338744f61a02 -> 
  custom:video-encoder-webm-vp8: eb34c28f22e8b96e1ab97ce403110664 -> 
  custom:video-codec-MediaFoundation-h265: 746d11721c4dcdbdad8f713fa42b33f4 -> 
  custom:audio-encoder-webm-vorbis: bf7c407c2cedff20999df2af8eb42d56 -> 
  custom:framework-win-MediaFoundation: 216162199b28c13a410421893ffa2e32 -> 
  custom:container-demuxer-ogg: 62fdf1f143b41e24485cea50d1cbac27 -> 
  custom:video-decoder-webm-vp8: 9c59270c3fd7afecdb556c50c9e8de78 -> 
  custom:audio-decoder-ogg-vorbis: bf7c407c2cedff20999df2af8eb42d56 -> 
========================================================================
Received Prepare
Registering precompiled user dll's ...
Registered in 0.004347 seconds.
Begin MonoManager ReloadAssembly
Symbol file LoadedFromMemory doesn't match image E:\GithubUnity\Personal\VR Player Comfort Profile\Library\PackageCache\com.unity.visualscripting@1.7.8\Editor\VisualScripting.Core\Dependencies\YamlDotNet\Unity.VisualScripting.YamlDotNet.dll
Symbol file LoadedFromMemory doesn't match image E:\GithubUnity\Personal\VR Player Comfort Profile\Library\PackageCache\com.unity.visualscripting@1.7.8\Editor\VisualScripting.Core\Dependencies\DotNetZip\Unity.VisualScripting.IonicZip.dll
Native extension for WindowsStandalone target not found
Refreshing native plugins compatible for Editor in 66.58 ms, found 3 plugins.
Preloading 0 native plugins for Editor in 0.00 ms.
Mono: successfully reloaded assembly
- Completed reload, in  0.840 seconds
Domain Reload Profiling:
	ReloadAssembly (841ms)
		BeginReloadAssembly (85ms)
			ExecutionOrderSort (0ms)
			DisableScriptedObjects (4ms)
			BackupInstance (0ms)
			ReleaseScriptingObjects (0ms)
			CreateAndSetChildDomain (19ms)
		EndReloadAssembly (677ms)
			LoadAssemblies (89ms)
			RebuildTransferFunctionScriptingTraits (0ms)
			SetupTypeCache (200ms)
				TypeCache.Initialize (193ms)
					TypeCache.ScanAssembly (189ms)
				ResolveRequiredComponents (8ms)
			ReleaseScriptCaches (0ms)
			RebuildScriptCaches (16ms)
			SetupLoadedEditorAssemblies (337ms)
				LogAssemblyErrors (0ms)
				InitializePlatformSupportModulesInManaged (2ms)
				SetLoadedEditorAssemblies (4ms)
				RefreshPlugins (67ms)
				BeforeProcessingInitializeOnLoad (22ms)
				ProcessInitializeOnLoadAttributes (178ms)
				ProcessInitializeOnLoadMethodAttributes (62ms)
				AfterProcessingInitializeOnLoad (2ms)
				EditorAssembliesLoaded (0ms)
			ExecutionOrderSort2 (0ms)
			AwakeInstancesAfterBackupRestoration (4ms)
Platform modules already initialized, skipping
NullReferenceException: Object reference not set to an instance of an object
  at UnityEngine.Rendering.Universal.UniversalRenderPipelineAsset.CreatePipeline () [0x00039] in E:\GithubUnity\Personal\VR Player Comfort Profile\Library\PackageCache\com.unity.render-pipelines.universal@13.1.8\Runtime\Data\UniversalRenderPipelineAsset.cs:373 
  at UnityEngine.Rendering.Universal.UniversalRenderPipelineAsset.get_scriptableRendererData () [0x00015] in E:\GithubUnity\Personal\VR Player Comfort Profile\Library\PackageCache\com.unity.render-pipelines.universal@13.1.8\Runtime\Data\UniversalRenderPipelineAsset.cs:543 
  at UnityEngine.Rendering.Universal.UniversalRenderPipelineAsset.get_defaultShader () [0x00000] in E:\GithubUnity\Personal\VR Player Comfort Profile\Library\PackageCache\com.unity.render-pipelines.universal@13.1.8\Runtime\Data\UniversalRenderPipelineAsset.cs:1021 

(Filename: Library/PackageCache/com.unity.render-pipelines.universal@13.1.8/Runtime/Data/UniversalRenderPipelineAsset.cs Line: 373)

NullReferenceException: Object reference not set to an instance of an object
  at UnityEngine.Rendering.Universal.UniversalRenderPipelineAsset.CreatePipeline () [0x00039] in E:\GithubUnity\Personal\VR Player Comfort Profile\Library\PackageCache\com.unity.render-pipelines.universal@13.1.8\Runtime\Data\UniversalRenderPipelineAsset.cs:373 
  at UnityEngine.Rendering.Universal.UniversalRenderPipelineAsset.get_scriptableRendererData () [0x00015] in E:\GithubUnity\Personal\VR Player Comfort Profile\Library\PackageCache\com.unity.render-pipelines.universal@13.1.8\Runtime\Data\UniversalRenderPipelineAsset.cs:543 
  at UnityEngine.Rendering.Universal.UniversalRenderPipelineAsset.GetMaterial (UnityEngine.Rendering.Universal.DefaultMaterialType materialType) [0x00000] in E:\GithubUnity\Personal\VR Player Comfort Profile\Library\PackageCache\com.unity.render-pipelines.universal@13.1.8\Runtime\Data\UniversalRenderPipelineAsset.cs:449 
  at UnityEngine.Rendering.Universal.UniversalRenderPipelineAsset.get_defaultMaterial () [0x00000] in E:\GithubUnity\Personal\VR Player Comfort Profile\Library\PackageCache\com.unity.render-pipelines.universal@13.1.8\Runtime\Data\UniversalRenderPipelineAsset.cs:955 

(Filename: Library/PackageCache/com.unity.render-pipelines.universal@13.1.8/Runtime/Data/UniversalRenderPipelineAsset.cs Line: 373)

Shader 'Universal Render Pipeline/Particles/Simple Lit': fallback shader 'Universal Render Pipeline/Particles/Unlit' not found
Shader 'Universal Render Pipeline/Nature/SpeedTree7': dependency 'BillboardShader' shader 'Universal Render Pipeline/Nature/SpeedTree7 Billboard' not found
Shader 'Hidden/Universal Render Pipeline/Terrain/Lit (Add Pass)': fallback shader 'Hidden/Universal Render Pipeline/FallbackError' not found
Shader 'Hidden/Universal Render Pipeline/Terrain/Lit (Base Pass)': fallback shader 'Hidden/Universal Render Pipeline/FallbackError' not found
WARNING: Shader Unsupported: 'Hidden/Universal Render Pipeline/Terrain/Lit (Base Pass)' - All subshaders removed
WARNING: Shader Did you use #pragma only_renderers and omit this platform?
WARNING: Shader If subshaders removal was intentional, you may have forgotten turning Fallback off?
WARNING: Shader Unsupported: 'Hidden/Universal Render Pipeline/Terrain/Lit (Base Pass)' - All subshaders removed
WARNING: Shader Did you use #pragma only_renderers and omit this platform?
WARNING: Shader If subshaders removal was intentional, you may have forgotten turning Fallback off?
Shader 'Universal Render Pipeline/Unlit': fallback shader 'Hidden/Universal Render Pipeline/FallbackError' not found
Shader 'Hidden/Universal Render Pipeline/StencilDeferred': fallback shader 'Hidden/Universal Render Pipeline/FallbackError' not found
Shader 'Universal Render Pipeline/Simple Lit': fallback shader 'Hidden/Universal Render Pipeline/FallbackError' not found
Refreshing native plugins compatible for Editor in 2.79 ms, found 3 plugins.
Preloading 0 native plugins for Editor in 0.00 ms.
Unloading 5012 Unused Serialized files (Serialized files now loaded: 0)
Unloading 98 unused Assets / (6.5 MB). Loaded Objects now: 5398.
Memory consumption went from 0.76 GB to 0.75 GB.
Total: 5.012500 ms (FindLiveObjects: 0.339200 ms CreateObjectMapping: 0.110100 ms MarkObjects: 2.574500 ms  DeleteObjects: 1.988000 ms)

NullReferenceException: Object reference not set to an instance of an object
  at UnityEngine.Rendering.Universal.UniversalRenderPipelineAsset.CreatePipeline () [0x00039] in E:\GithubUnity\Personal\VR Player Comfort Profile\Library\PackageCache\com.unity.render-pipelines.universal@13.1.8\Runtime\Data\UniversalRenderPipelineAsset.cs:373 
  at UnityEngine.Rendering.Universal.UniversalRenderPipelineAsset.get_scriptableRendererData () [0x00015] in E:\GithubUnity\Personal\VR Player Comfort Profile\Library\PackageCache\com.unity.render-pipelines.universal@13.1.8\Runtime\Data\UniversalRenderPipelineAsset.cs:543 
  at UnityEngine.Rendering.Universal.UniversalRenderPipelineAsset.get_defaultShader () [0x00000] in E:\GithubUnity\Personal\VR Player Comfort Profile\Library\PackageCache\com.unity.render-pipelines.universal@13.1.8\Runtime\Data\UniversalRenderPipelineAsset.cs:1021 

(Filename: Library/PackageCache/com.unity.render-pipelines.universal@13.1.8/Runtime/Data/UniversalRenderPipelineAsset.cs Line: 373)

NullReferenceException: Object reference not set to an instance of an object
  at UnityEngine.Rendering.Universal.UniversalRenderPipelineAsset.CreatePipeline () [0x00039] in E:\GithubUnity\Personal\VR Player Comfort Profile\Library\PackageCache\com.unity.render-pipelines.universal@13.1.8\Runtime\Data\UniversalRenderPipelineAsset.cs:373 
  at UnityEngine.Rendering.Universal.UniversalRenderPipelineAsset.get_scriptableRendererData () [0x00015] in E:\GithubUnity\Personal\VR Player Comfort Profile\Library\PackageCache\com.unity.render-pipelines.universal@13.1.8\Runtime\Data\UniversalRenderPipelineAsset.cs:543 
  at UnityEngine.Rendering.Universal.UniversalRenderPipelineAsset.GetMaterial (UnityEngine.Rendering.Universal.DefaultMaterialType materialType) [0x00000] in E:\GithubUnity\Personal\VR Player Comfort Profile\Library\PackageCache\com.unity.render-pipelines.universal@13.1.8\Runtime\Data\UniversalRenderPipelineAsset.cs:449 
  at UnityEngine.Rendering.Universal.UniversalRenderPipelineAsset.get_defaultMaterial () [0x00000] in E:\GithubUnity\Personal\VR Player Comfort Profile\Library\PackageCache\com.unity.render-pipelines.universal@13.1.8\Runtime\Data\UniversalRenderPipelineAsset.cs:955 

(Filename: Library/PackageCache/com.unity.render-pipelines.universal@13.1.8/Runtime/Data/UniversalRenderPipelineAsset.cs Line: 373)

AssetImportParameters requested are different than current active one (requested -> active):
  custom:video-decoder-ogg-theora: a1e56fd34408186e4bbccfd4996cb3dc -> 
  custom:container-muxer-webm: aa71ff27fc2769a1b78a27578f13a17b -> 
  custom:container-demuxer-webm: 4f35f7cbe854078d1ac9338744f61a02 -> 
  custom:srp/default-shader: 0000e00a000e0de00000e000e0000000 -> 00a0da0d000000000000000000000000
  custom:video-encoder-webm-vp8: eb34c28f22e8b96e1ab97ce403110664 -> 
  custom:video-codec-MediaFoundation-h265: 746d11721c4dcdbdad8f713fa42b33f4 -> 
  custom:audio-encoder-webm-vorbis: bf7c407c2cedff20999df2af8eb42d56 -> 
  custom:framework-win-MediaFoundation: 216162199b28c13a410421893ffa2e32 -> 
  custom:srp/default-material: 1323b11ab5f8e84b9c4553e3cd30b8d1 -> 00000000000000000f00000000000000
  custom:container-demuxer-ogg: 62fdf1f143b41e24485cea50d1cbac27 -> 
  custom:video-decoder-webm-vp8: 9c59270c3fd7afecdb556c50c9e8de78 -> 
  custom:audio-decoder-ogg-vorbis: bf7c407c2cedff20999df2af8eb42d56 -> 
========================================================================
Received Prepare
Registering precompiled user dll's ...
Registered in 0.004041 seconds.
Begin MonoManager ReloadAssembly
Symbol file LoadedFromMemory doesn't match image E:\GithubUnity\Personal\VR Player Comfort Profile\Library\PackageCache\com.unity.visualscripting@1.7.8\Editor\VisualScripting.Core\Dependencies\YamlDotNet\Unity.VisualScripting.YamlDotNet.dll
Symbol file LoadedFromMemory doesn't match image E:\GithubUnity\Personal\VR Player Comfort Profile\Library\PackageCache\com.unity.visualscripting@1.7.8\Editor\VisualScripting.Core\Dependencies\DotNetZip\Unity.VisualScripting.IonicZip.dll
Native extension for WindowsStandalone target not found
Refreshing native plugins compatible for Editor in 0.97 ms, found 3 plugins.
Preloading 0 native plugins for Editor in 0.00 ms.
Mono: successfully reloaded assembly
- Completed reload, in  0.805 seconds
Domain Reload Profiling:
	ReloadAssembly (805ms)
		BeginReloadAssembly (106ms)
			ExecutionOrderSort (0ms)
			DisableScriptedObjects (3ms)
			BackupInstance (0ms)
			ReleaseScriptingObjects (0ms)
			CreateAndSetChildDomain (38ms)
		EndReloadAssembly (635ms)
			LoadAssemblies (69ms)
			RebuildTransferFunctionScriptingTraits (0ms)
			SetupTypeCache (203ms)
				TypeCache.Initialize (195ms)
					TypeCache.ScanAssembly (189ms)
				ResolveRequiredComponents (8ms)
			ReleaseScriptCaches (2ms)
			RebuildScriptCaches (35ms)
			SetupLoadedEditorAssemblies (297ms)
				LogAssemblyErrors (0ms)
				InitializePlatformSupportModulesInManaged (8ms)
				SetLoadedEditorAssemblies (5ms)
				RefreshPlugins (1ms)
				BeforeProcessingInitializeOnLoad (51ms)
				ProcessInitializeOnLoadAttributes (169ms)
				ProcessInitializeOnLoadMethodAttributes (61ms)
				AfterProcessingInitializeOnLoad (2ms)
				EditorAssembliesLoaded (0ms)
			ExecutionOrderSort2 (0ms)
			AwakeInstancesAfterBackupRestoration (5ms)
Platform modules already initialized, skipping
NullReferenceException: Object reference not set to an instance of an object
  at UnityEngine.Rendering.Universal.UniversalRenderPipelineAsset.CreatePipeline () [0x00039] in E:\GithubUnity\Personal\VR Player Comfort Profile\Library\PackageCache\com.unity.render-pipelines.universal@13.1.8\Runtime\Data\UniversalRenderPipelineAsset.cs:373 
  at UnityEngine.Rendering.Universal.UniversalRenderPipelineAsset.get_scriptableRendererData () [0x00015] in E:\GithubUnity\Personal\VR Player Comfort Profile\Library\PackageCache\com.unity.render-pipelines.universal@13.1.8\Runtime\Data\UniversalRenderPipelineAsset.cs:543 
  at UnityEngine.Rendering.Universal.UniversalRenderPipelineAsset.get_defaultShader () [0x00000] in E:\GithubUnity\Personal\VR Player Comfort Profile\Library\PackageCache\com.unity.render-pipelines.universal@13.1.8\Runtime\Data\UniversalRenderPipelineAsset.cs:1021 

(Filename: Library/PackageCache/com.unity.render-pipelines.universal@13.1.8/Runtime/Data/UniversalRenderPipelineAsset.cs Line: 373)

NullReferenceException: Object reference not set to an instance of an object
  at UnityEngine.Rendering.Universal.UniversalRenderPipelineAsset.CreatePipeline () [0x00039] in E:\GithubUnity\Personal\VR Player Comfort Profile\Library\PackageCache\com.unity.render-pipelines.universal@13.1.8\Runtime\Data\UniversalRenderPipelineAsset.cs:373 
  at UnityEngine.Rendering.Universal.UniversalRenderPipelineAsset.get_scriptableRendererData () [0x00015] in E:\GithubUnity\Personal\VR Player Comfort Profile\Library\PackageCache\com.unity.render-pipelines.universal@13.1.8\Runtime\Data\UniversalRenderPipelineAsset.cs:543 
  at UnityEngine.Rendering.Universal.UniversalRenderPipelineAsset.GetMaterial (UnityEngine.Rendering.Universal.DefaultMaterialType materialType) [0x00000] in E:\GithubUnity\Personal\VR Player Comfort Profile\Library\PackageCache\com.unity.render-pipelines.universal@13.1.8\Runtime\Data\UniversalRenderPipelineAsset.cs:449 
  at UnityEngine.Rendering.Universal.UniversalRenderPipelineAsset.get_defaultMaterial () [0x00000] in E:\GithubUnity\Personal\VR Player Comfort Profile\Library\PackageCache\com.unity.render-pipelines.universal@13.1.8\Runtime\Data\UniversalRenderPipelineAsset.cs:955 

(Filename: Library/PackageCache/com.unity.render-pipelines.universal@13.1.8/Runtime/Data/UniversalRenderPipelineAsset.cs Line: 373)

Refreshing native plugins compatible for Editor in 2.17 ms, found 3 plugins.
Preloading 0 native plugins for Editor in 0.00 ms.
Unloading 5009 Unused Serialized files (Serialized files now loaded: 0)
Unloading 99 unused Assets / (6.5 MB). Loaded Objects now: 5400.
Memory consumption went from 0.76 GB to 0.75 GB.
Total: 5.867300 ms (FindLiveObjects: 0.357200 ms CreateObjectMapping: 0.246400 ms MarkObjects: 2.868900 ms  DeleteObjects: 2.393800 ms)

NullReferenceException: Object reference not set to an instance of an object
  at UnityEngine.Rendering.Universal.UniversalRenderPipelineAsset.CreatePipeline () [0x00039] in E:\GithubUnity\Personal\VR Player Comfort Profile\Library\PackageCache\com.unity.render-pipelines.universal@13.1.8\Runtime\Data\UniversalRenderPipelineAsset.cs:373 
  at UnityEngine.Rendering.Universal.UniversalRenderPipelineAsset.get_scriptableRendererData () [0x00015] in E:\GithubUnity\Personal\VR Player Comfort Profile\Library\PackageCache\com.unity.render-pipelines.universal@13.1.8\Runtime\Data\UniversalRenderPipelineAsset.cs:543 
  at UnityEngine.Rendering.Universal.UniversalRenderPipelineAsset.get_defaultShader () [0x00000] in E:\GithubUnity\Personal\VR Player Comfort Profile\Library\PackageCache\com.unity.render-pipelines.universal@13.1.8\Runtime\Data\UniversalRenderPipelineAsset.cs:1021 

(Filename: Library/PackageCache/com.unity.render-pipelines.universal@13.1.8/Runtime/Data/UniversalRenderPipelineAsset.cs Line: 373)

NullReferenceException: Object reference not set to an instance of an object
  at UnityEngine.Rendering.Universal.UniversalRenderPipelineAsset.CreatePipeline () [0x00039] in E:\GithubUnity\Personal\VR Player Comfort Profile\Library\PackageCache\com.unity.render-pipelines.universal@13.1.8\Runtime\Data\UniversalRenderPipelineAsset.cs:373 
  at UnityEngine.Rendering.Universal.UniversalRenderPipelineAsset.get_scriptableRendererData () [0x00015] in E:\GithubUnity\Personal\VR Player Comfort Profile\Library\PackageCache\com.unity.render-pipelines.universal@13.1.8\Runtime\Data\UniversalRenderPipelineAsset.cs:543 
  at UnityEngine.Rendering.Universal.UniversalRenderPipelineAsset.GetMaterial (UnityEngine.Rendering.Universal.DefaultMaterialType materialType) [0x00000] in E:\GithubUnity\Personal\VR Player Comfort Profile\Library\PackageCache\com.unity.render-pipelines.universal@13.1.8\Runtime\Data\UniversalRenderPipelineAsset.cs:449 
  at UnityEngine.Rendering.Universal.UniversalRenderPipelineAsset.get_defaultMaterial () [0x00000] in E:\GithubUnity\Personal\VR Player Comfort Profile\Library\PackageCache\com.unity.render-pipelines.universal@13.1.8\Runtime\Data\UniversalRenderPipelineAsset.cs:955 

(Filename: Library/PackageCache/com.unity.render-pipelines.universal@13.1.8/Runtime/Data/UniversalRenderPipelineAsset.cs Line: 373)

AssetImportParameters requested are different than current active one (requested -> active):
  custom:video-decoder-ogg-theora: a1e56fd34408186e4bbccfd4996cb3dc -> 
  custom:container-muxer-webm: aa71ff27fc2769a1b78a27578f13a17b -> 
  custom:container-demuxer-webm: 4f35f7cbe854078d1ac9338744f61a02 -> 
  custom:srp/default-shader: 0000e00a000e0de00000e000e0000000 -> 00a0da0d000000000000000000000000
  custom:video-encoder-webm-vp8: eb34c28f22e8b96e1ab97ce403110664 -> 
  custom:video-codec-MediaFoundation-h265: 746d11721c4dcdbdad8f713fa42b33f4 -> 
  custom:audio-encoder-webm-vorbis: bf7c407c2cedff20999df2af8eb42d56 -> 
  custom:framework-win-MediaFoundation: 216162199b28c13a410421893ffa2e32 -> 
  custom:srp/default-material: 1323b11ab5f8e84b9c4553e3cd30b8d1 -> 00000000000000000f00000000000000
  custom:container-demuxer-ogg: 62fdf1f143b41e24485cea50d1cbac27 -> 
  custom:video-decoder-webm-vp8: 9c59270c3fd7afecdb556c50c9e8de78 -> 
  custom:audio-decoder-ogg-vorbis: bf7c407c2cedff20999df2af8eb42d56 -> 
========================================================================
Received Prepare
Registering precompiled user dll's ...
Registered in 0.003410 seconds.
Begin MonoManager ReloadAssembly
Symbol file LoadedFromMemory doesn't match image E:\GithubUnity\Personal\VR Player Comfort Profile\Library\PackageCache\com.unity.visualscripting@1.7.8\Editor\VisualScripting.Core\Dependencies\YamlDotNet\Unity.VisualScripting.YamlDotNet.dll
Symbol file LoadedFromMemory doesn't match image E:\GithubUnity\Personal\VR Player Comfort Profile\Library\PackageCache\com.unity.visualscripting@1.7.8\Editor\VisualScripting.Core\Dependencies\DotNetZip\Unity.VisualScripting.IonicZip.dll
Native extension for WindowsStandalone target not found
Refreshing native plugins compatible for Editor in 0.74 ms, found 3 plugins.
Preloading 0 native plugins for Editor in 0.00 ms.
Mono: successfully reloaded assembly
- Completed reload, in  0.757 seconds
Domain Reload Profiling:
	ReloadAssembly (758ms)
		BeginReloadAssembly (103ms)
			ExecutionOrderSort (0ms)
			DisableScriptedObjects (4ms)
			BackupInstance (0ms)
			ReleaseScriptingObjects (0ms)
			CreateAndSetChildDomain (39ms)
		EndReloadAssembly (589ms)
			LoadAssemblies (60ms)
			RebuildTransferFunctionScriptingTraits (0ms)
			SetupTypeCache (188ms)
				TypeCache.Initialize (180ms)
					TypeCache.ScanAssembly (174ms)
				ResolveRequiredComponents (8ms)
			ReleaseScriptCaches (2ms)
			RebuildScriptCaches (31ms)
			SetupLoadedEditorAssemblies (276ms)
				LogAssemblyErrors (0ms)
				InitializePlatformSupportModulesInManaged (8ms)
				SetLoadedEditorAssemblies (4ms)
				RefreshPlugins (1ms)
				BeforeProcessingInitializeOnLoad (46ms)
				ProcessInitializeOnLoadAttributes (157ms)
				ProcessInitializeOnLoadMethodAttributes (59ms)
				AfterProcessingInitializeOnLoad (2ms)
				EditorAssembliesLoaded (0ms)
			ExecutionOrderSort2 (0ms)
			AwakeInstancesAfterBackupRestoration (4ms)
Platform modules already initialized, skipping
NullReferenceException: Object reference not set to an instance of an object
  at UnityEngine.Rendering.Universal.UniversalRenderPipelineAsset.CreatePipeline () [0x00039] in E:\GithubUnity\Personal\VR Player Comfort Profile\Library\PackageCache\com.unity.render-pipelines.universal@13.1.8\Runtime\Data\UniversalRenderPipelineAsset.cs:373 
  at UnityEngine.Rendering.Universal.UniversalRenderPipelineAsset.get_scriptableRendererData () [0x00015] in E:\GithubUnity\Personal\VR Player Comfort Profile\Library\PackageCache\com.unity.render-pipelines.universal@13.1.8\Runtime\Data\UniversalRenderPipelineAsset.cs:543 
  at UnityEngine.Rendering.Universal.UniversalRenderPipelineAsset.get_defaultShader () [0x00000] in E:\GithubUnity\Personal\VR Player Comfort Profile\Library\PackageCache\com.unity.render-pipelines.universal@13.1.8\Runtime\Data\UniversalRenderPipelineAsset.cs:1021 

(Filename: Library/PackageCache/com.unity.render-pipelines.universal@13.1.8/Runtime/Data/UniversalRenderPipelineAsset.cs Line: 373)

NullReferenceException: Object reference not set to an instance of an object
  at UnityEngine.Rendering.Universal.UniversalRenderPipelineAsset.CreatePipeline () [0x00039] in E:\GithubUnity\Personal\VR Player Comfort Profile\Library\PackageCache\com.unity.render-pipelines.universal@13.1.8\Runtime\Data\UniversalRenderPipelineAsset.cs:373 
  at UnityEngine.Rendering.Universal.UniversalRenderPipelineAsset.get_scriptableRendererData () [0x00015] in E:\GithubUnity\Personal\VR Player Comfort Profile\Library\PackageCache\com.unity.render-pipelines.universal@13.1.8\Runtime\Data\UniversalRenderPipelineAsset.cs:543 
  at UnityEngine.Rendering.Universal.UniversalRenderPipelineAsset.GetMaterial (UnityEngine.Rendering.Universal.DefaultMaterialType materialType) [0x00000] in E:\GithubUnity\Personal\VR Player Comfort Profile\Library\PackageCache\com.unity.render-pipelines.universal@13.1.8\Runtime\Data\UniversalRenderPipelineAsset.cs:449 
  at UnityEngine.Rendering.Universal.UniversalRenderPipelineAsset.get_defaultMaterial () [0x00000] in E:\GithubUnity\Personal\VR Player Comfort Profile\Library\PackageCache\com.unity.render-pipelines.universal@13.1.8\Runtime\Data\UniversalRenderPipelineAsset.cs:955 

(Filename: Library/PackageCache/com.unity.render-pipelines.universal@13.1.8/Runtime/Data/UniversalRenderPipelineAsset.cs Line: 373)

Refreshing native plugins compatible for Editor in 2.85 ms, found 3 plugins.
Preloading 0 native plugins for Editor in 0.00 ms.
Unloading 5009 Unused Serialized files (Serialized files now loaded: 0)
Unloading 98 unused Assets / (6.5 MB). Loaded Objects now: 5403.
Memory consumption went from 0.76 GB to 0.75 GB.
Total: 6.268900 ms (FindLiveObjects: 0.464200 ms CreateObjectMapping: 0.322300 ms MarkObjects: 3.078800 ms  DeleteObjects: 2.402700 ms)

NullReferenceException: Object reference not set to an instance of an object
  at UnityEngine.Rendering.Universal.UniversalRenderPipelineAsset.CreatePipeline () [0x00039] in E:\GithubUnity\Personal\VR Player Comfort Profile\Library\PackageCache\com.unity.render-pipelines.universal@13.1.8\Runtime\Data\UniversalRenderPipelineAsset.cs:373 
  at UnityEngine.Rendering.Universal.UniversalRenderPipelineAsset.get_scriptableRendererData () [0x00015] in E:\GithubUnity\Personal\VR Player Comfort Profile\Library\PackageCache\com.unity.render-pipelines.universal@13.1.8\Runtime\Data\UniversalRenderPipelineAsset.cs:543 
  at UnityEngine.Rendering.Universal.UniversalRenderPipelineAsset.get_defaultShader () [0x00000] in E:\GithubUnity\Personal\VR Player Comfort Profile\Library\PackageCache\com.unity.render-pipelines.universal@13.1.8\Runtime\Data\UniversalRenderPipelineAsset.cs:1021 

(Filename: Library/PackageCache/com.unity.render-pipelines.universal@13.1.8/Runtime/Data/UniversalRenderPipelineAsset.cs Line: 373)

NullReferenceException: Object reference not set to an instance of an object
  at UnityEngine.Rendering.Universal.UniversalRenderPipelineAsset.CreatePipeline () [0x00039] in E:\GithubUnity\Personal\VR Player Comfort Profile\Library\PackageCache\com.unity.render-pipelines.universal@13.1.8\Runtime\Data\UniversalRenderPipelineAsset.cs:373 
  at UnityEngine.Rendering.Universal.UniversalRenderPipelineAsset.get_scriptableRendererData () [0x00015] in E:\GithubUnity\Personal\VR Player Comfort Profile\Library\PackageCache\com.unity.render-pipelines.universal@13.1.8\Runtime\Data\UniversalRenderPipelineAsset.cs:543 
  at UnityEngine.Rendering.Universal.UniversalRenderPipelineAsset.GetMaterial (UnityEngine.Rendering.Universal.DefaultMaterialType materialType) [0x00000] in E:\GithubUnity\Personal\VR Player Comfort Profile\Library\PackageCache\com.unity.render-pipelines.universal@13.1.8\Runtime\Data\UniversalRenderPipelineAsset.cs:449 
  at UnityEngine.Rendering.Universal.UniversalRenderPipelineAsset.get_defaultMaterial () [0x00000] in E:\GithubUnity\Personal\VR Player Comfort Profile\Library\PackageCache\com.unity.render-pipelines.universal@13.1.8\Runtime\Data\UniversalRenderPipelineAsset.cs:955 

(Filename: Library/PackageCache/com.unity.render-pipelines.universal@13.1.8/Runtime/Data/UniversalRenderPipelineAsset.cs Line: 373)

AssetImportParameters requested are different than current active one (requested -> active):
  custom:video-decoder-ogg-theora: a1e56fd34408186e4bbccfd4996cb3dc -> 
  custom:container-muxer-webm: aa71ff27fc2769a1b78a27578f13a17b -> 
  custom:container-demuxer-webm: 4f35f7cbe854078d1ac9338744f61a02 -> 
  custom:srp/default-shader: 0000e00a000e0de00000e000e0000000 -> 00a0da0d000000000000000000000000
  custom:video-encoder-webm-vp8: eb34c28f22e8b96e1ab97ce403110664 -> 
  custom:video-codec-MediaFoundation-h265: 746d11721c4dcdbdad8f713fa42b33f4 -> 
  custom:audio-encoder-webm-vorbis: bf7c407c2cedff20999df2af8eb42d56 -> 
  custom:framework-win-MediaFoundation: 216162199b28c13a410421893ffa2e32 -> 
  custom:srp/default-material: 1323b11ab5f8e84b9c4553e3cd30b8d1 -> 00000000000000000f00000000000000
  custom:container-demuxer-ogg: 62fdf1f143b41e24485cea50d1cbac27 -> 
  custom:video-decoder-webm-vp8: 9c59270c3fd7afecdb556c50c9e8de78 -> 
  custom:audio-decoder-ogg-vorbis: bf7c407c2cedff20999df2af8eb42d56 -> 
========================================================================
Received Prepare
Registering precompiled user dll's ...
Registered in 0.003507 seconds.
Begin MonoManager ReloadAssembly
Symbol file LoadedFromMemory doesn't match image E:\GithubUnity\Personal\VR Player Comfort Profile\Library\PackageCache\com.unity.visualscripting@1.7.8\Editor\VisualScripting.Core\Dependencies\YamlDotNet\Unity.VisualScripting.YamlDotNet.dll
Symbol file LoadedFromMemory doesn't match image E:\GithubUnity\Personal\VR Player Comfort Profile\Library\PackageCache\com.unity.visualscripting@1.7.8\Editor\VisualScripting.Core\Dependencies\DotNetZip\Unity.VisualScripting.IonicZip.dll
Native extension for WindowsStandalone target not found
Refreshing native plugins compatible for Editor in 74.42 ms, found 3 plugins.
Preloading 0 native plugins for Editor in 0.00 ms.
Mono: successfully reloaded assembly
- Completed reload, in  0.591 seconds
Domain Reload Profiling:
	ReloadAssembly (592ms)
		BeginReloadAssembly (98ms)
			ExecutionOrderSort (0ms)
			DisableScriptedObjects (4ms)
			BackupInstance (0ms)
			ReleaseScriptingObjects (0ms)
			CreateAndSetChildDomain (33ms)
		EndReloadAssembly (428ms)
			LoadAssemblies (49ms)
			RebuildTransferFunctionScriptingTraits (0ms)
			SetupTypeCache (109ms)
				TypeCache.Initialize (109ms)
					TypeCache.ScanAssembly (105ms)
				ResolveRequiredComponents (0ms)
			ReleaseScriptCaches (2ms)
			RebuildScriptCaches (18ms)
			SetupLoadedEditorAssemblies (218ms)
				LogAssemblyErrors (0ms)
				InitializePlatformSupportModulesInManaged (7ms)
				SetLoadedEditorAssemblies (3ms)
				RefreshPlugins (74ms)
				BeforeProcessingInitializeOnLoad (53ms)
				ProcessInitializeOnLoadAttributes (67ms)
				ProcessInitializeOnLoadMethodAttributes (11ms)
				AfterProcessingInitializeOnLoad (2ms)
				EditorAssembliesLoaded (0ms)
			ExecutionOrderSort2 (0ms)
			AwakeInstancesAfterBackupRestoration (5ms)
Platform modules already initialized, skipping
Refreshing native plugins compatible for Editor in 2.51 ms, found 3 plugins.
Preloading 0 native plugins for Editor in 0.00 ms.
Unloading 5660 Unused Serialized files (Serialized files now loaded: 0)
Unloading 99 unused Assets / (6.5 MB). Loaded Objects now: 6053.
Memory consumption went from 0.86 GB to 0.85 GB.
Total: 5.129300 ms (FindLiveObjects: 0.373300 ms CreateObjectMapping: 0.309500 ms MarkObjects: 2.245900 ms  DeleteObjects: 2.199500 ms)

AssetImportParameters requested are different than current active one (requested -> active):
  custom:video-decoder-ogg-theora: a1e56fd34408186e4bbccfd4996cb3dc -> 
  custom:container-muxer-webm: aa71ff27fc2769a1b78a27578f13a17b -> 
  custom:container-demuxer-webm: 4f35f7cbe854078d1ac9338744f61a02 -> 
  custom:srp/default-shader: 0000e00a000e0de00000e000e0000000 -> 00a0da0d000000000000000000000000
  custom:postprocessor/textureSprite: c7b1773857ade06b12134bb5dea4a409 -> 1909f56bfc062723c751e8b465ee728b
  custom:video-encoder-webm-vp8: eb34c28f22e8b96e1ab97ce403110664 -> 
  custom:video-codec-MediaFoundation-h265: 746d11721c4dcdbdad8f713fa42b33f4 -> 
  custom:audio-encoder-webm-vorbis: bf7c407c2cedff20999df2af8eb42d56 -> 
  custom:framework-win-MediaFoundation: 216162199b28c13a410421893ffa2e32 -> 
  custom:srp/default-material: 1323b11ab5f8e84b9c4553e3cd30b8d1 -> 00000000000000000f00000000000000
  custom:container-demuxer-ogg: 62fdf1f143b41e24485cea50d1cbac27 -> 
  custom:video-decoder-webm-vp8: 9c59270c3fd7afecdb556c50c9e8de78 -> 
  custom:audio-decoder-ogg-vorbis: bf7c407c2cedff20999df2af8eb42d56 -> 
